<?xml version="1.0" encoding="UTF-8"?>
<!-- Generated by org.testng.reporters.JUnitXMLReporter -->
<testsuite ignored="0" hostname="SwechaAntara" failures="0" tests="8" name="Accounts Page Test" time="13.319" errors="0" timestamp="2023-09-26T14:01:52 JST">
  <testcase classname="com.qa.opencart.tests.AccountsPageTest" name="accPageHeadersCountTest" time="0.1"/>
  <testcase classname="com.qa.opencart.tests.AccountsPageTest" name="accPageHeadersTest" time="0.119"/>
  <testcase classname="com.qa.opencart.tests.AccountsPageTest" name="accPageTitleTest" time="0.015"/>
  <testcase classname="com.qa.opencart.tests.AccountsPageTest" name="logoutLinkExistTest" time="0.041"/>
  <testcase classname="com.qa.opencart.tests.AccountsPageTest" name="searchTest" time="1.334"/>
  <testcase classname="com.qa.opencart.tests.AccountsPageTest" name="searchTest" time="1.309"/>
  <testcase classname="com.qa.opencart.tests.AccountsPageTest" name="searchTest" time="1.189"/>
  <testcase classname="com.qa.opencart.tests.AccountsPageTest" name="searchTest" time="1.337"/>
</testsuite> <!-- Accounts Page Test -->
