<?xml version="1.0" encoding="UTF-8"?>
<!-- Generated by org.testng.reporters.JUnitXMLReporter -->
<testsuite ignored="0" hostname="SwechaAntara" failures="0" tests="8" name="Accounts Page Test" time="13.981" errors="0" timestamp="2023-09-25T12:01:23 JST">
  <testcase classname="com.qa.opencart.tests.AccountsPageTest" name="accPageHeadersCountTest" time="0.119"/>
  <testcase classname="com.qa.opencart.tests.AccountsPageTest" name="accPageHeadersTest" time="0.145"/>
  <testcase classname="com.qa.opencart.tests.AccountsPageTest" name="accPageTitleTest" time="0.019"/>
  <testcase classname="com.qa.opencart.tests.AccountsPageTest" name="logoutLinkExistTest" time="0.066"/>
  <testcase classname="com.qa.opencart.tests.AccountsPageTest" name="searchTest" time="1.317"/>
  <testcase classname="com.qa.opencart.tests.AccountsPageTest" name="searchTest" time="1.149"/>
  <testcase classname="com.qa.opencart.tests.AccountsPageTest" name="searchTest" time="1.309"/>
  <testcase classname="com.qa.opencart.tests.AccountsPageTest" name="searchTest" time="1.122"/>
</testsuite> <!-- Accounts Page Test -->
