<?xml version="1.0" encoding="UTF-8"?>
<!-- Generated by org.testng.reporters.JUnitXMLReporter -->
<testsuite ignored="0" hostname="SwechaAntara" failures="0" tests="4" name="Login Page Test" time="9.124" errors="0" timestamp="2023-08-23T15:34:47 JST">
  <testcase classname="com.qa.opencart.tests.LoginPageTest" name="loginPageTitleTest" time="0.064"/>
  <testcase classname="com.qa.opencart.tests.LoginPageTest" name="getLoginPageURLTest" time="0.058"/>
  <testcase classname="com.qa.opencart.tests.LoginPageTest" name="isForgotPwdLinkExistTest" time="0.138"/>
  <testcase classname="com.qa.opencart.tests.LoginPageTest" name="loginTest" time="2.152"/>
</testsuite> <!-- Login Page Test -->
