<?xml version="1.0" encoding="UTF-8"?>
<!-- Generated by org.testng.reporters.JUnitXMLReporter -->
<testsuite ignored="0" hostname="SwechaAntara" failures="0" tests="4" name="Login Page Test" time="8.288" errors="0" timestamp="2023-09-26T14:01:48 JST">
  <testcase classname="com.qa.opencart.tests.LoginPageTest" name="loginPageTitleTest" time="0.124"/>
  <testcase classname="com.qa.opencart.tests.LoginPageTest" name="getLoginPageURLTest" time="0.028"/>
  <testcase classname="com.qa.opencart.tests.LoginPageTest" name="isForgotPwdLinkExistTest" time="0.093"/>
  <testcase classname="com.qa.opencart.tests.LoginPageTest" name="loginTest" time="2.287"/>
</testsuite> <!-- Login Page Test -->
