<?xml version="1.0" encoding="UTF-8"?>
<!-- Generated by org.testng.reporters.JUnitXMLReporter -->
<testsuite ignored="0" hostname="SwechaAntara" failures="0" tests="13" name="ProductInfo Page Test" time="35.624" errors="0" timestamp="2023-08-29T13:47:43 JST">
  <testcase classname="com.qa.opencart.tests.ProductInfoTest" name="productHeaderTest" time="2.411"/>
  <testcase classname="com.qa.opencart.tests.ProductInfoTest" name="productHeaderTest" time="1.95"/>
  <testcase classname="com.qa.opencart.tests.ProductInfoTest" name="productHeaderTest" time="2.077"/>
  <testcase classname="com.qa.opencart.tests.ProductInfoTest" name="productHeaderTest" time="2.012"/>
  <testcase classname="com.qa.opencart.tests.ProductInfoTest" name="productHeaderTest" time="1.86"/>
  <testcase classname="com.qa.opencart.tests.ProductInfoTest" name="productHeaderTest" time="2.135"/>
  <testcase classname="com.qa.opencart.tests.ProductInfoTest" name="productImagesCountTest" time="2.029"/>
  <testcase classname="com.qa.opencart.tests.ProductInfoTest" name="productImagesCountTest" time="2.102"/>
  <testcase classname="com.qa.opencart.tests.ProductInfoTest" name="productImagesCountTest" time="1.873"/>
  <testcase classname="com.qa.opencart.tests.ProductInfoTest" name="productImagesCountTest" time="1.911"/>
  <testcase classname="com.qa.opencart.tests.ProductInfoTest" name="productImagesCountTest" time="1.862"/>
  <testcase classname="com.qa.opencart.tests.ProductInfoTest" name="productImagesCountTest" time="1.882"/>
  <testcase classname="com.qa.opencart.tests.ProductInfoTest" name="productInfoTest" time="2.558"/>
</testsuite> <!-- ProductInfo Page Test -->
