<?xml version="1.0" encoding="UTF-8"?>
<!-- Generated by org.testng.reporters.JUnitXMLReporter -->
<testsuite ignored="0" hostname="SwechaAntara" failures="0" tests="3" name="Register Page Test" time="36.401" errors="0" timestamp="2023-09-01T12:44:28 JST">
  <testcase classname="com.qa.opencart.tests.RegisterPageTest" name="userRegisterTest" time="9.083"/>
  <testcase classname="com.qa.opencart.tests.RegisterPageTest" name="userRegisterTest" time="8.962"/>
  <testcase classname="com.qa.opencart.tests.RegisterPageTest" name="userRegisterTest" time="8.831"/>
</testsuite> <!-- Register Page Test -->
