<?xml version="1.0" encoding="UTF-8"?>
<!-- Generated by org.testng.reporters.JUnitXMLReporter -->
<testsuite ignored="0" hostname="SwechaAntara" failures="0" tests="3" name="Register Page Test" time="38.272" errors="0" timestamp="2023-09-02T07:47:32 JST">
  <testcase classname="com.qa.opencart.tests.RegisterPageTest" name="userRegisterTest" time="10.255"/>
  <testcase classname="com.qa.opencart.tests.RegisterPageTest" name="userRegisterTest" time="10.018"/>
  <testcase classname="com.qa.opencart.tests.RegisterPageTest" name="userRegisterTest" time="9.817"/>
</testsuite> <!-- Register Page Test -->
