<?xml version="1.0" encoding="UTF-8"?>
<!-- Generated by org.testng.reporters.JUnitXMLReporter -->
<testsuite ignored="0" hostname="SwechaAntara" failures="0" tests="3" name="Default test" time="29.992" errors="0" timestamp="2023-08-22T11:09:34 JST">
  <testcase classname="com.qa.opencart.tests.RegisterPageTest" name="userRegisterTest" time="8.488"/>
  <testcase classname="com.qa.opencart.tests.RegisterPageTest" name="userRegisterTest" time="8.664"/>
  <testcase classname="com.qa.opencart.tests.RegisterPageTest" name="userRegisterTest" time="9.055"/>
</testsuite> <!-- Default test -->
