<?xml version="1.0" encoding="UTF-8"?>
<!-- Generated by org.testng.reporters.JUnitXMLReporter -->
<testsuite ignored="1" hostname="SwechaAntara" failures="0" tests="6" name="Default test" time="13.638" errors="0" timestamp="2023-07-27T06:34:42 JST">
  <testcase classname="com.qa.opencart.tests.ProductInfoTest" name="productImagesCountTest" time="1.916"/>
  <testcase classname="com.qa.opencart.tests.ProductInfoTest" name="productImagesCountTest" time="1.179"/>
  <testcase classname="com.qa.opencart.tests.ProductInfoTest" name="productImagesCountTest" time="1.288"/>
  <testcase classname="com.qa.opencart.tests.ProductInfoTest" name="productImagesCountTest" time="1.45"/>
  <testcase classname="com.qa.opencart.tests.ProductInfoTest" name="productImagesCountTest" time="0.995"/>
  <testcase classname="com.qa.opencart.tests.ProductInfoTest" name="productImagesCountTest" time="1.258"/>
  <testcase classname="com.qa.opencart.tests.ProductInfoTest" name="productHeaderTest" time="0.0">
    <ignored/>
  </testcase> <!-- productHeaderTest -->
</testsuite> <!-- Default test -->
