<?xml version="1.0" encoding="UTF-8"?>
<!-- Generated by org.testng.reporters.JUnitXMLReporter -->
<testsuite ignored="0" hostname="SwechaAntara" failures="0" tests="8" name="Accounts Page Test" time="13.456" errors="0" timestamp="2023-08-28T13:17:54 JST">
  <testcase classname="com.qa.opencart.tests.AccountsPageTest" name="accPageHeadersCountTest" time="0.145"/>
  <testcase classname="com.qa.opencart.tests.AccountsPageTest" name="accPageHeadersTest" time="0.144"/>
  <testcase classname="com.qa.opencart.tests.AccountsPageTest" name="accPageTitleTest" time="0.016"/>
  <testcase classname="com.qa.opencart.tests.AccountsPageTest" name="logoutLinkExistTest" time="0.059"/>
  <testcase classname="com.qa.opencart.tests.AccountsPageTest" name="searchTest" time="1.259"/>
  <testcase classname="com.qa.opencart.tests.AccountsPageTest" name="searchTest" time="1.119"/>
  <testcase classname="com.qa.opencart.tests.AccountsPageTest" name="searchTest" time="1.154"/>
  <testcase classname="com.qa.opencart.tests.AccountsPageTest" name="searchTest" time="1.641"/>
</testsuite> <!-- Accounts Page Test -->
