<?xml version="1.0" encoding="UTF-8"?>
<!-- Generated by org.testng.reporters.JUnitXMLReporter -->
<testsuite ignored="0" hostname="SwechaAntara" failures="0" tests="3" name="Register Page Test" time="33.299" errors="0" timestamp="2023-08-28T13:18:14 JST">
  <testcase classname="com.qa.opencart.tests.RegisterPageTest" name="userRegisterTest" time="8.75"/>
  <testcase classname="com.qa.opencart.tests.RegisterPageTest" name="userRegisterTest" time="8.704"/>
  <testcase classname="com.qa.opencart.tests.RegisterPageTest" name="userRegisterTest" time="8.748"/>
</testsuite> <!-- Register Page Test -->
