<?xml version="1.0" encoding="UTF-8"?>
<testsuite xmlns:xsi="http://www.w3.org/2001/XMLSchema-instance" xsi:noNamespaceSchemaLocation="https://maven.apache.org/surefire/maven-surefire-plugin/xsd/surefire-test-report.xsd" name="TestSuite" time="5.82" tests="31" errors="0" skipped="24" failures="7">
  <properties>
[...]
</properties>
  <testcase name="getLoginPageSetUp" classname="com.qa.opencart.tests.AccountsPageTest" time="4.46">
    <failure message="Cannot invoke &quot;java.util.Properties.getProperty(String)&quot; because &quot;this.prop&quot; is null" type="java.lang.NullPointerException">java.lang.NullPointerException: Cannot invoke "java.util.Properties.getProperty(String)" because "this.prop" is null
	at com.qa.opencart.tests.AccountsPageTest.getLoginPageSetUp(AccountsPageTest.java:18)
</failure>
    <system-out><![CDATA[env name is: stage
browser name is : firefox
]]></system-out>
    <system-err><![CDATA[SLF4J: Failed to load class "org.slf4j.impl.StaticLoggerBinder".
SLF4J: Defaulting to no-operation (NOP) logger implementation
SLF4J: See http://www.slf4j.org/codes.html#StaticLoggerBinder for further details.
log4j:WARN No appenders could be found for logger (io.netty.util.internal.logging.InternalLoggerFactory).
log4j:WARN Please initialize the log4j system properly.
]]></system-err>
  </testcase>
  <testcase name="accPageHeadersCountTest" classname="com.qa.opencart.tests.AccountsPageTest" time="0">
    <skipped message="Cannot invoke &quot;java.util.Properties.getProperty(String)&quot; because &quot;this.prop&quot; is null"/>
  </testcase>
  <testcase name="accPageHeadersTest" classname="com.qa.opencart.tests.AccountsPageTest" time="0">
    <skipped message="Cannot invoke &quot;java.util.Properties.getProperty(String)&quot; because &quot;this.prop&quot; is null"/>
  </testcase>
  <testcase name="accPageTitleTest" classname="com.qa.opencart.tests.AccountsPageTest" time="0">
    <skipped message="Cannot invoke &quot;java.util.Properties.getProperty(String)&quot; because &quot;this.prop&quot; is null"/>
  </testcase>
  <testcase name="logoutLinkExistTest" classname="com.qa.opencart.tests.AccountsPageTest" time="0">
    <skipped message="Cannot invoke &quot;java.util.Properties.getProperty(String)&quot; because &quot;this.prop&quot; is null"/>
  </testcase>
  <testcase name="searchTest" classname="com.qa.opencart.tests.AccountsPageTest" time="0">
    <skipped message="Cannot invoke &quot;java.util.Properties.getProperty(String)&quot; because &quot;this.prop&quot; is null"/>
  </testcase>
  <testcase name="searchTest" classname="com.qa.opencart.tests.AccountsPageTest" time="0">
    <skipped message="Cannot invoke &quot;java.util.Properties.getProperty(String)&quot; because &quot;this.prop&quot; is null"/>
  </testcase>
  <testcase name="searchTest" classname="com.qa.opencart.tests.AccountsPageTest" time="0">
    <skipped message="Cannot invoke &quot;java.util.Properties.getProperty(String)&quot; because &quot;this.prop&quot; is null"/>
  </testcase>
  <testcase name="searchTest" classname="com.qa.opencart.tests.AccountsPageTest" time="0">
    <skipped message="Cannot invoke &quot;java.util.Properties.getProperty(String)&quot; because &quot;this.prop&quot; is null"/>
  </testcase>
  <testcase name="loginPageTitleTest" classname="com.qa.opencart.tests.LoginPageTest" time="0.003">
    <failure message="Cannot invoke &quot;com.qa.opencart.pages.LoginPage.getLoginPageTitle()&quot; because &quot;this.loginpage&quot; is null" type="java.lang.NullPointerException">java.lang.NullPointerException: Cannot invoke "com.qa.opencart.pages.LoginPage.getLoginPageTitle()" because "this.loginpage" is null
	at com.qa.opencart.tests.LoginPageTest.loginPageTitleTest(LoginPageTest.java:13)
</failure>
  </testcase>
  <testcase name="getLoginPageURLTest" classname="com.qa.opencart.tests.LoginPageTest" time="0.001">
    <failure message="Cannot invoke &quot;com.qa.opencart.pages.LoginPage.getLoginPageURL()&quot; because &quot;this.loginpage&quot; is null" type="java.lang.NullPointerException">java.lang.NullPointerException: Cannot invoke "com.qa.opencart.pages.LoginPage.getLoginPageURL()" because "this.loginpage" is null
	at com.qa.opencart.tests.LoginPageTest.getLoginPageURLTest(LoginPageTest.java:19)
</failure>
  </testcase>
  <testcase name="isForgotPwdLinkExistTest" classname="com.qa.opencart.tests.LoginPageTest" time="0">
    <failure message="Cannot invoke &quot;com.qa.opencart.pages.LoginPage.isForgotPwdLinkExist()&quot; because &quot;this.loginpage&quot; is null" type="java.lang.NullPointerException">java.lang.NullPointerException: Cannot invoke "com.qa.opencart.pages.LoginPage.isForgotPwdLinkExist()" because "this.loginpage" is null
	at com.qa.opencart.tests.LoginPageTest.isForgotPwdLinkExistTest(LoginPageTest.java:25)
</failure>
  </testcase>
  <testcase name="loginTest" classname="com.qa.opencart.tests.LoginPageTest" time="0">
    <failure message="Cannot invoke &quot;java.util.Properties.getProperty(String)&quot; because &quot;this.prop&quot; is null" type="java.lang.NullPointerException">java.lang.NullPointerException: Cannot invoke "java.util.Properties.getProperty(String)" because "this.prop" is null
	at com.qa.opencart.tests.LoginPageTest.loginTest(LoginPageTest.java:30)
</failure>
  </testcase>
  <testcase name="prodInfoSetUp" classname="com.qa.opencart.tests.ProductInfoTest" time="0.001">
    <failure message="Cannot invoke &quot;java.util.Properties.getProperty(String)&quot; because &quot;this.prop&quot; is null" type="java.lang.NullPointerException">java.lang.NullPointerException: Cannot invoke "java.util.Properties.getProperty(String)" because "this.prop" is null
	at com.qa.opencart.tests.ProductInfoTest.prodInfoSetUp(ProductInfoTest.java:17)
</failure>
  </testcase>
  <testcase name="productHeaderTest" classname="com.qa.opencart.tests.ProductInfoTest" time="0">
    <skipped message="Cannot invoke &quot;java.util.Properties.getProperty(String)&quot; because &quot;this.prop&quot; is null"/>
  </testcase>
  <testcase name="productHeaderTest" classname="com.qa.opencart.tests.ProductInfoTest" time="0">
    <skipped message="Cannot invoke &quot;java.util.Properties.getProperty(String)&quot; because &quot;this.prop&quot; is null"/>
  </testcase>
  <testcase name="productHeaderTest" classname="com.qa.opencart.tests.ProductInfoTest" time="0">
    <skipped message="Cannot invoke &quot;java.util.Properties.getProperty(String)&quot; because &quot;this.prop&quot; is null"/>
  </testcase>
  <testcase name="productHeaderTest" classname="com.qa.opencart.tests.ProductInfoTest" time="0">
    <skipped message="Cannot invoke &quot;java.util.Properties.getProperty(String)&quot; because &quot;this.prop&quot; is null"/>
  </testcase>
  <testcase name="productHeaderTest" classname="com.qa.opencart.tests.ProductInfoTest" time="0">
    <skipped message="Cannot invoke &quot;java.util.Properties.getProperty(String)&quot; because &quot;this.prop&quot; is null"/>
  </testcase>
  <testcase name="productHeaderTest" classname="com.qa.opencart.tests.ProductInfoTest" time="0">
    <skipped message="Cannot invoke &quot;java.util.Properties.getProperty(String)&quot; because &quot;this.prop&quot; is null"/>
  </testcase>
  <testcase name="productImagesCountTest" classname="com.qa.opencart.tests.ProductInfoTest" time="0">
    <skipped message="Cannot invoke &quot;java.util.Properties.getProperty(String)&quot; because &quot;this.prop&quot; is null"/>
  </testcase>
  <testcase name="productImagesCountTest" classname="com.qa.opencart.tests.ProductInfoTest" time="0">
    <skipped message="Cannot invoke &quot;java.util.Properties.getProperty(String)&quot; because &quot;this.prop&quot; is null"/>
  </testcase>
  <testcase name="productImagesCountTest" classname="com.qa.opencart.tests.ProductInfoTest" time="0">
    <skipped message="Cannot invoke &quot;java.util.Properties.getProperty(String)&quot; because &quot;this.prop&quot; is null"/>
  </testcase>
  <testcase name="productImagesCountTest" classname="com.qa.opencart.tests.ProductInfoTest" time="0">
    <skipped message="Cannot invoke &quot;java.util.Properties.getProperty(String)&quot; because &quot;this.prop&quot; is null"/>
  </testcase>
  <testcase name="productImagesCountTest" classname="com.qa.opencart.tests.ProductInfoTest" time="0">
    <skipped message="Cannot invoke &quot;java.util.Properties.getProperty(String)&quot; because &quot;this.prop&quot; is null"/>
  </testcase>
  <testcase name="productImagesCountTest" classname="com.qa.opencart.tests.ProductInfoTest" time="0">
    <skipped message="Cannot invoke &quot;java.util.Properties.getProperty(String)&quot; because &quot;this.prop&quot; is null"/>
  </testcase>
  <testcase name="productInfoTest" classname="com.qa.opencart.tests.ProductInfoTest" time="0">
    <skipped message="Cannot invoke &quot;java.util.Properties.getProperty(String)&quot; because &quot;this.prop&quot; is null"/>
  </testcase>
  <testcase name="registerPageSetUp" classname="com.qa.opencart.tests.RegisterPageTest" time="0">
    <failure message="Cannot invoke &quot;com.qa.opencart.pages.LoginPage.navigateToRegisterPage()&quot; because &quot;this.loginpage&quot; is null" type="java.lang.NullPointerException">java.lang.NullPointerException: Cannot invoke "com.qa.opencart.pages.LoginPage.navigateToRegisterPage()" because "this.loginpage" is null
	at com.qa.opencart.tests.RegisterPageTest.registerPageSetUp(RegisterPageTest.java:17)
</failure>
  </testcase>
  <testcase name="userRegisterTest" classname="com.qa.opencart.tests.RegisterPageTest" time="0">
    <skipped message="Cannot invoke &quot;com.qa.opencart.pages.LoginPage.navigateToRegisterPage()&quot; because &quot;this.loginpage&quot; is null"/>
    <system-out><![CDATA[reading the data from sheet: register
]]></system-out>
  </testcase>
  <testcase name="userRegisterTest" classname="com.qa.opencart.tests.RegisterPageTest" time="0">
    <skipped message="Cannot invoke &quot;com.qa.opencart.pages.LoginPage.navigateToRegisterPage()&quot; because &quot;this.loginpage&quot; is null"/>
  </testcase>
  <testcase name="userRegisterTest" classname="com.qa.opencart.tests.RegisterPageTest" time="0">
    <skipped message="Cannot invoke &quot;com.qa.opencart.pages.LoginPage.navigateToRegisterPage()&quot; because &quot;this.loginpage&quot; is null"/>
  </testcase>
</testsuite>