<?xml version="1.0" encoding="UTF-8"?>
<testsuite xmlns:xsi="http://www.w3.org/2001/XMLSchema-instance" xsi:noNamespaceSchemaLocation="https://maven.apache.org/surefire/maven-surefire-plugin/xsd/surefire-test-report.xsd" name="TestSuite" time="5.39" tests="4" errors="0" skipped="0" failures="4">
  <properties>
[...]
</properties>
  <testcase name="loginPageTitleTest" classname="com.qa.opencart.tests.LoginPageTest" time="0.009">
    <failure message="Cannot invoke &quot;com.qa.opencart.pages.LoginPage.getLoginPageTitle()&quot; because &quot;this.loginpage&quot; is null" type="java.lang.NullPointerException">java.lang.NullPointerException: Cannot invoke "com.qa.opencart.pages.LoginPage.getLoginPageTitle()" because "this.loginpage" is null
	at com.qa.opencart.tests.LoginPageTest.loginPageTitleTest(LoginPageTest.java:12)
</failure>
    <system-err><![CDATA[SLF4J: Failed to load class "org.slf4j.impl.StaticLoggerBinder".
SLF4J: Defaulting to no-operation (NOP) logger implementation
SLF4J: See http://www.slf4j.org/codes.html#StaticLoggerBinder for further details.
Jul 19, 2023 10:42:38 AM org.openqa.selenium.remote.service.DriverService$Builder getLogOutput
INFO: Driver logs no longer sent to console by default; https://www.selenium.dev/documentation/webdriver/drivers/service/#setting-log-output
]]></system-err>
  </testcase>
  <testcase name="getLoginPageURLTest" classname="com.qa.opencart.tests.LoginPageTest" time="0.001">
    <failure message="Cannot invoke &quot;com.qa.opencart.pages.LoginPage.getLoginPageURL()&quot; because &quot;this.loginpage&quot; is null" type="java.lang.NullPointerException">java.lang.NullPointerException: Cannot invoke "com.qa.opencart.pages.LoginPage.getLoginPageURL()" because "this.loginpage" is null
	at com.qa.opencart.tests.LoginPageTest.getLoginPageURLTest(LoginPageTest.java:18)
</failure>
  </testcase>
  <testcase name="isForgotPwdLinkExistTest" classname="com.qa.opencart.tests.LoginPageTest" time="0">
    <failure message="Cannot invoke &quot;com.qa.opencart.pages.LoginPage.isForgotPwdLinkExist()&quot; because &quot;this.loginpage&quot; is null" type="java.lang.NullPointerException">java.lang.NullPointerException: Cannot invoke "com.qa.opencart.pages.LoginPage.isForgotPwdLinkExist()" because "this.loginpage" is null
	at com.qa.opencart.tests.LoginPageTest.isForgotPwdLinkExistTest(LoginPageTest.java:24)
</failure>
  </testcase>
  <testcase name="loginTest" classname="com.qa.opencart.tests.LoginPageTest" time="0.001">
    <failure message="Cannot invoke &quot;com.qa.opencart.pages.LoginPage.doLogin(String, String)&quot; because &quot;this.loginpage&quot; is null" type="java.lang.NullPointerException">java.lang.NullPointerException: Cannot invoke "com.qa.opencart.pages.LoginPage.doLogin(String, String)" because "this.loginpage" is null
	at com.qa.opencart.tests.LoginPageTest.loginTest(LoginPageTest.java:29)
</failure>
  </testcase>
</testsuite>