-------------------------------------------------------------------------------
Test set: TestSuite
-------------------------------------------------------------------------------
Tests run: 4, Failures: 4, Errors: 0, Skipped: 0, Time elapsed: 5.39 s <<< FAILURE! - in TestSuite
loginPageTitleTest(com.qa.opencart.tests.LoginPageTest)  Time elapsed: 0.009 s  <<< FAILURE!
java.lang.NullPointerException: Cannot invoke "com.qa.opencart.pages.LoginPage.getLoginPageTitle()" because "this.loginpage" is null
	at com.qa.opencart.tests.LoginPageTest.loginPageTitleTest(LoginPageTest.java:12)

getLoginPageURLTest(com.qa.opencart.tests.LoginPageTest)  Time elapsed: 0.001 s  <<< FAILURE!
java.lang.NullPointerException: Cannot invoke "com.qa.opencart.pages.LoginPage.getLoginPageURL()" because "this.loginpage" is null
	at com.qa.opencart.tests.LoginPageTest.getLoginPageURLTest(LoginPageTest.java:18)

isForgotPwdLinkExistTest(com.qa.opencart.tests.LoginPageTest)  Time elapsed: 0 s  <<< FAILURE!
java.lang.NullPointerException: Cannot invoke "com.qa.opencart.pages.LoginPage.isForgotPwdLinkExist()" because "this.loginpage" is null
	at com.qa.opencart.tests.LoginPageTest.isForgotPwdLinkExistTest(LoginPageTest.java:24)

loginTest(com.qa.opencart.tests.LoginPageTest)  Time elapsed: 0.001 s  <<< FAILURE!
java.lang.NullPointerException: Cannot invoke "com.qa.opencart.pages.LoginPage.doLogin(String, String)" because "this.loginpage" is null
	at com.qa.opencart.tests.LoginPageTest.loginTest(LoginPageTest.java:29)

