<?xml version="1.0" encoding="UTF-8"?>
<testng-results ignored="0" total="28" passed="28" failed="0" skipped="0">
  <reporter-output>
  </reporter-output>
  <suite started-at="2023-08-28T13:17:41 JST" name="Opencart App Test Regression Suite" finished-at="2023-08-28T13:18:20 JST" duration-ms="39179">
    <groups>
    </groups>
    <test started-at="2023-08-28T13:17:41 JST" name="Login Page Test" finished-at="2023-08-28T13:17:49 JST" duration-ms="8284">
      <class name="com.qa.opencart.tests.LoginPageTest">
        <test-method is-config="true" signature="setUp()[pri:0, instance:com.qa.opencart.tests.LoginPageTest@2c35e847]" started-at="2023-08-28T13:17:41 JST" name="setUp" finished-at="2023-08-28T13:17:46 JST" duration-ms="5257" status="PASS">
          <reporter-output>
          </reporter-output>
        </test-method> <!-- setUp -->
        <test-method signature="loginPageTitleTest()[pri:1, instance:com.qa.opencart.tests.LoginPageTest@2c35e847]" started-at="2023-08-28T13:17:46 JST" name="loginPageTitleTest" finished-at="2023-08-28T13:17:46 JST" duration-ms="35" status="PASS">
          <reporter-output>
          </reporter-output>
        </test-method> <!-- loginPageTitleTest -->
        <test-method signature="getLoginPageURLTest()[pri:2, instance:com.qa.opencart.tests.LoginPageTest@2c35e847]" started-at="2023-08-28T13:17:46 JST" name="getLoginPageURLTest" finished-at="2023-08-28T13:17:46 JST" duration-ms="69" status="PASS">
          <reporter-output>
          </reporter-output>
        </test-method> <!-- getLoginPageURLTest -->
        <test-method signature="isForgotPwdLinkExistTest()[pri:3, instance:com.qa.opencart.tests.LoginPageTest@2c35e847]" started-at="2023-08-28T13:17:46 JST" name="isForgotPwdLinkExistTest" finished-at="2023-08-28T13:17:47 JST" duration-ms="103" status="PASS">
          <reporter-output>
          </reporter-output>
        </test-method> <!-- isForgotPwdLinkExistTest -->
        <test-method signature="loginTest()[pri:4, instance:com.qa.opencart.tests.LoginPageTest@2c35e847]" started-at="2023-08-28T13:17:47 JST" name="loginTest" finished-at="2023-08-28T13:17:49 JST" duration-ms="2504" status="PASS">
          <reporter-output>
          </reporter-output>
        </test-method> <!-- loginTest -->
        <test-method is-config="true" signature="tearDown()[pri:0, instance:com.qa.opencart.tests.LoginPageTest@2c35e847]" started-at="2023-08-28T13:17:49 JST" name="tearDown" finished-at="2023-08-28T13:17:49 JST" duration-ms="244" status="PASS">
          <reporter-output>
          </reporter-output>
        </test-method> <!-- tearDown -->
      </class> <!-- com.qa.opencart.tests.LoginPageTest -->
    </test> <!-- Login Page Test -->
    <test started-at="2023-08-28T13:17:41 JST" name="Accounts Page Test" finished-at="2023-08-28T13:17:54 JST" duration-ms="13456">
      <class name="com.qa.opencart.tests.AccountsPageTest">
        <test-method is-config="true" signature="setUp()[pri:0, instance:com.qa.opencart.tests.AccountsPageTest@a38c7fe]" started-at="2023-08-28T13:17:41 JST" name="setUp" finished-at="2023-08-28T13:17:46 JST" duration-ms="5303" status="PASS">
          <reporter-output>
          </reporter-output>
        </test-method> <!-- setUp -->
        <test-method is-config="true" signature="getLoginPageSetUp()[pri:0, instance:com.qa.opencart.tests.AccountsPageTest@a38c7fe]" started-at="2023-08-28T13:17:46 JST" name="getLoginPageSetUp" finished-at="2023-08-28T13:17:49 JST" duration-ms="2463" status="PASS">
          <reporter-output>
          </reporter-output>
        </test-method> <!-- getLoginPageSetUp -->
        <test-method signature="accPageHeadersCountTest()[pri:0, instance:com.qa.opencart.tests.AccountsPageTest@a38c7fe]" started-at="2023-08-28T13:17:49 JST" name="accPageHeadersCountTest" finished-at="2023-08-28T13:17:49 JST" duration-ms="145" status="PASS">
          <reporter-output>
          </reporter-output>
        </test-method> <!-- accPageHeadersCountTest -->
        <test-method signature="accPageHeadersTest()[pri:0, instance:com.qa.opencart.tests.AccountsPageTest@a38c7fe]" started-at="2023-08-28T13:17:49 JST" name="accPageHeadersTest" finished-at="2023-08-28T13:17:49 JST" duration-ms="144" status="PASS">
          <reporter-output>
          </reporter-output>
        </test-method> <!-- accPageHeadersTest -->
        <test-method signature="accPageTitleTest()[pri:0, instance:com.qa.opencart.tests.AccountsPageTest@a38c7fe]" started-at="2023-08-28T13:17:49 JST" name="accPageTitleTest" finished-at="2023-08-28T13:17:49 JST" duration-ms="16" status="PASS">
          <reporter-output>
          </reporter-output>
        </test-method> <!-- accPageTitleTest -->
        <test-method signature="logoutLinkExistTest()[pri:0, instance:com.qa.opencart.tests.AccountsPageTest@a38c7fe]" started-at="2023-08-28T13:17:49 JST" name="logoutLinkExistTest" finished-at="2023-08-28T13:17:49 JST" duration-ms="59" status="PASS">
          <reporter-output>
          </reporter-output>
        </test-method> <!-- logoutLinkExistTest -->
        <test-method signature="searchTest(java.lang.String,int)[pri:0, instance:com.qa.opencart.tests.AccountsPageTest@a38c7fe]" started-at="2023-08-28T13:17:49 JST" name="searchTest" data-provider="getSearchKey" finished-at="2023-08-28T13:17:50 JST" duration-ms="1259" status="PASS">
          <params>
            <param index="0">
              <value>
                <![CDATA[macbook]]>
              </value>
            </param>
            <param index="1">
              <value>
                <![CDATA[3]]>
              </value>
            </param>
          </params>
          <reporter-output>
          </reporter-output>
        </test-method> <!-- searchTest -->
        <test-method signature="searchTest(java.lang.String,int)[pri:0, instance:com.qa.opencart.tests.AccountsPageTest@a38c7fe]" started-at="2023-08-28T13:17:50 JST" name="searchTest" data-provider="getSearchKey" finished-at="2023-08-28T13:17:52 JST" duration-ms="1119" status="PASS">
          <params>
            <param index="0">
              <value>
                <![CDATA[imac]]>
              </value>
            </param>
            <param index="1">
              <value>
                <![CDATA[1]]>
              </value>
            </param>
          </params>
          <reporter-output>
          </reporter-output>
        </test-method> <!-- searchTest -->
        <test-method signature="searchTest(java.lang.String,int)[pri:0, instance:com.qa.opencart.tests.AccountsPageTest@a38c7fe]" started-at="2023-08-28T13:17:52 JST" name="searchTest" data-provider="getSearchKey" finished-at="2023-08-28T13:17:53 JST" duration-ms="1154" status="PASS">
          <params>
            <param index="0">
              <value>
                <![CDATA[samsung]]>
              </value>
            </param>
            <param index="1">
              <value>
                <![CDATA[2]]>
              </value>
            </param>
          </params>
          <reporter-output>
          </reporter-output>
        </test-method> <!-- searchTest -->
        <test-method signature="searchTest(java.lang.String,int)[pri:0, instance:com.qa.opencart.tests.AccountsPageTest@a38c7fe]" started-at="2023-08-28T13:17:53 JST" name="searchTest" data-provider="getSearchKey" finished-at="2023-08-28T13:17:54 JST" duration-ms="1641" status="PASS">
          <params>
            <param index="0">
              <value>
                <![CDATA[canon]]>
              </value>
            </param>
            <param index="1">
              <value>
                <![CDATA[1]]>
              </value>
            </param>
          </params>
          <reporter-output>
          </reporter-output>
        </test-method> <!-- searchTest -->
        <test-method is-config="true" signature="tearDown()[pri:0, instance:com.qa.opencart.tests.AccountsPageTest@a38c7fe]" started-at="2023-08-28T13:17:54 JST" name="tearDown" finished-at="2023-08-28T13:17:54 JST" duration-ms="127" status="PASS">
          <reporter-output>
          </reporter-output>
        </test-method> <!-- tearDown -->
      </class> <!-- com.qa.opencart.tests.AccountsPageTest -->
    </test> <!-- Accounts Page Test -->
    <test started-at="2023-08-28T13:17:41 JST" name="Register Page Test" finished-at="2023-08-28T13:18:14 JST" duration-ms="33299">
      <class name="com.qa.opencart.tests.RegisterPageTest">
        <test-method is-config="true" signature="setUp()[pri:0, instance:com.qa.opencart.tests.RegisterPageTest@38cee291]" started-at="2023-08-28T13:17:41 JST" name="setUp" finished-at="2023-08-28T13:17:46 JST" duration-ms="5256" status="PASS">
          <reporter-output>
          </reporter-output>
        </test-method> <!-- setUp -->
        <test-method is-config="true" signature="registerPageSetUp()[pri:0, instance:com.qa.opencart.tests.RegisterPageTest@38cee291]" started-at="2023-08-28T13:17:46 JST" name="registerPageSetUp" finished-at="2023-08-28T13:17:47 JST" duration-ms="700" status="PASS">
          <reporter-output>
          </reporter-output>
        </test-method> <!-- registerPageSetUp -->
        <test-method signature="userRegisterTest(java.lang.String,java.lang.String,java.lang.String,java.lang.String,java.lang.String)[pri:0, instance:com.qa.opencart.tests.RegisterPageTest@38cee291]" started-at="2023-08-28T13:17:48 JST" name="userRegisterTest" data-provider="getUserRegSheetData" finished-at="2023-08-28T13:17:57 JST" duration-ms="8750" status="PASS">
          <params>
            <param index="0">
              <value>
                <![CDATA[Swecha]]>
              </value>
            </param>
            <param index="1">
              <value>
                <![CDATA[Antara]]>
              </value>
            </param>
            <param index="2">
              <value>
                <![CDATA[9090909024]]>
              </value>
            </param>
            <param index="3">
              <value>
                <![CDATA[swecha@123]]>
              </value>
            </param>
            <param index="4">
              <value>
                <![CDATA[yes]]>
              </value>
            </param>
          </params>
          <reporter-output>
          </reporter-output>
        </test-method> <!-- userRegisterTest -->
        <test-method signature="userRegisterTest(java.lang.String,java.lang.String,java.lang.String,java.lang.String,java.lang.String)[pri:0, instance:com.qa.opencart.tests.RegisterPageTest@38cee291]" started-at="2023-08-28T13:17:57 JST" name="userRegisterTest" data-provider="getUserRegSheetData" finished-at="2023-08-28T13:18:05 JST" duration-ms="8704" status="PASS">
          <params>
            <param index="0">
              <value>
                <![CDATA[Subbu]]>
              </value>
            </param>
            <param index="1">
              <value>
                <![CDATA[Venkata]]>
              </value>
            </param>
            <param index="2">
              <value>
                <![CDATA[9090909012]]>
              </value>
            </param>
            <param index="3">
              <value>
                <![CDATA[subbu@123]]>
              </value>
            </param>
            <param index="4">
              <value>
                <![CDATA[no]]>
              </value>
            </param>
          </params>
          <reporter-output>
          </reporter-output>
        </test-method> <!-- userRegisterTest -->
        <test-method signature="userRegisterTest(java.lang.String,java.lang.String,java.lang.String,java.lang.String,java.lang.String)[pri:0, instance:com.qa.opencart.tests.RegisterPageTest@38cee291]" started-at="2023-08-28T13:18:05 JST" name="userRegisterTest" data-provider="getUserRegSheetData" finished-at="2023-08-28T13:18:14 JST" duration-ms="8748" status="PASS">
          <params>
            <param index="0">
              <value>
                <![CDATA[Suneetha]]>
              </value>
            </param>
            <param index="1">
              <value>
                <![CDATA[Veeram]]>
              </value>
            </param>
            <param index="2">
              <value>
                <![CDATA[9090909027]]>
              </value>
            </param>
            <param index="3">
              <value>
                <![CDATA[sunee@123]]>
              </value>
            </param>
            <param index="4">
              <value>
                <![CDATA[yes]]>
              </value>
            </param>
          </params>
          <reporter-output>
          </reporter-output>
        </test-method> <!-- userRegisterTest -->
        <test-method is-config="true" signature="tearDown()[pri:0, instance:com.qa.opencart.tests.RegisterPageTest@38cee291]" started-at="2023-08-28T13:18:14 JST" name="tearDown" finished-at="2023-08-28T13:18:14 JST" duration-ms="146" status="PASS">
          <reporter-output>
          </reporter-output>
        </test-method> <!-- tearDown -->
      </class> <!-- com.qa.opencart.tests.RegisterPageTest -->
    </test> <!-- Register Page Test -->
    <test started-at="2023-08-28T13:17:41 JST" name="ProductInfo Page Test" finished-at="2023-08-28T13:18:20 JST" duration-ms="39179">
      <class name="com.qa.opencart.tests.ProductInfoTest">
        <test-method is-config="true" signature="setUp()[pri:0, instance:com.qa.opencart.tests.ProductInfoTest@5824a83d]" started-at="2023-08-28T13:17:41 JST" name="setUp" finished-at="2023-08-28T13:17:46 JST" duration-ms="5377" status="PASS">
          <reporter-output>
          </reporter-output>
        </test-method> <!-- setUp -->
        <test-method is-config="true" signature="prodInfoSetUp()[pri:0, instance:com.qa.opencart.tests.ProductInfoTest@5824a83d]" started-at="2023-08-28T13:17:46 JST" name="prodInfoSetUp" finished-at="2023-08-28T13:17:49 JST" duration-ms="2482" status="PASS">
          <reporter-output>
          </reporter-output>
        </test-method> <!-- prodInfoSetUp -->
        <test-method signature="productHeaderTest(java.lang.String,java.lang.String)[pri:0, instance:com.qa.opencart.tests.ProductInfoTest@5824a83d]" started-at="2023-08-28T13:17:49 JST" name="productHeaderTest" data-provider="productTestData" finished-at="2023-08-28T13:17:52 JST" duration-ms="2621" status="PASS">
          <params>
            <param index="0">
              <value>
                <![CDATA[macbook]]>
              </value>
            </param>
            <param index="1">
              <value>
                <![CDATA[MacBook Pro]]>
              </value>
            </param>
          </params>
          <reporter-output>
          </reporter-output>
        </test-method> <!-- productHeaderTest -->
        <test-method signature="productHeaderTest(java.lang.String,java.lang.String)[pri:0, instance:com.qa.opencart.tests.ProductInfoTest@5824a83d]" started-at="2023-08-28T13:17:52 JST" name="productHeaderTest" data-provider="productTestData" finished-at="2023-08-28T13:17:54 JST" duration-ms="2192" status="PASS">
          <params>
            <param index="0">
              <value>
                <![CDATA[macbook]]>
              </value>
            </param>
            <param index="1">
              <value>
                <![CDATA[MacBook Air]]>
              </value>
            </param>
          </params>
          <reporter-output>
          </reporter-output>
        </test-method> <!-- productHeaderTest -->
        <test-method signature="productHeaderTest(java.lang.String,java.lang.String)[pri:0, instance:com.qa.opencart.tests.ProductInfoTest@5824a83d]" started-at="2023-08-28T13:17:54 JST" name="productHeaderTest" data-provider="productTestData" finished-at="2023-08-28T13:17:56 JST" duration-ms="2604" status="PASS">
          <params>
            <param index="0">
              <value>
                <![CDATA[iMac]]>
              </value>
            </param>
            <param index="1">
              <value>
                <![CDATA[iMac]]>
              </value>
            </param>
          </params>
          <reporter-output>
          </reporter-output>
        </test-method> <!-- productHeaderTest -->
        <test-method signature="productHeaderTest(java.lang.String,java.lang.String)[pri:0, instance:com.qa.opencart.tests.ProductInfoTest@5824a83d]" started-at="2023-08-28T13:17:56 JST" name="productHeaderTest" data-provider="productTestData" finished-at="2023-08-28T13:17:59 JST" duration-ms="2282" status="PASS">
          <params>
            <param index="0">
              <value>
                <![CDATA[samsung]]>
              </value>
            </param>
            <param index="1">
              <value>
                <![CDATA[Samsung Galaxy Tab 10.1]]>
              </value>
            </param>
          </params>
          <reporter-output>
          </reporter-output>
        </test-method> <!-- productHeaderTest -->
        <test-method signature="productHeaderTest(java.lang.String,java.lang.String)[pri:0, instance:com.qa.opencart.tests.ProductInfoTest@5824a83d]" started-at="2023-08-28T13:17:59 JST" name="productHeaderTest" data-provider="productTestData" finished-at="2023-08-28T13:18:01 JST" duration-ms="2233" status="PASS">
          <params>
            <param index="0">
              <value>
                <![CDATA[samsung]]>
              </value>
            </param>
            <param index="1">
              <value>
                <![CDATA[Samsung SyncMaster 941BW]]>
              </value>
            </param>
          </params>
          <reporter-output>
          </reporter-output>
        </test-method> <!-- productHeaderTest -->
        <test-method signature="productHeaderTest(java.lang.String,java.lang.String)[pri:0, instance:com.qa.opencart.tests.ProductInfoTest@5824a83d]" started-at="2023-08-28T13:18:01 JST" name="productHeaderTest" data-provider="productTestData" finished-at="2023-08-28T13:18:03 JST" duration-ms="2352" status="PASS">
          <params>
            <param index="0">
              <value>
                <![CDATA[canon]]>
              </value>
            </param>
            <param index="1">
              <value>
                <![CDATA[Canon EOS 5D]]>
              </value>
            </param>
          </params>
          <reporter-output>
          </reporter-output>
        </test-method> <!-- productHeaderTest -->
        <test-method signature="productImagesCountTest(java.lang.String,java.lang.String,int)[pri:0, instance:com.qa.opencart.tests.ProductInfoTest@5824a83d]" started-at="2023-08-28T13:18:03 JST" name="productImagesCountTest" data-provider="productData" finished-at="2023-08-28T13:18:05 JST" duration-ms="2308" status="PASS">
          <params>
            <param index="0">
              <value>
                <![CDATA[macbook]]>
              </value>
            </param>
            <param index="1">
              <value>
                <![CDATA[MacBook Pro]]>
              </value>
            </param>
            <param index="2">
              <value>
                <![CDATA[4]]>
              </value>
            </param>
          </params>
          <reporter-output>
          </reporter-output>
        </test-method> <!-- productImagesCountTest -->
        <test-method signature="productImagesCountTest(java.lang.String,java.lang.String,int)[pri:0, instance:com.qa.opencart.tests.ProductInfoTest@5824a83d]" started-at="2023-08-28T13:18:05 JST" name="productImagesCountTest" data-provider="productData" finished-at="2023-08-28T13:18:08 JST" duration-ms="2205" status="PASS">
          <params>
            <param index="0">
              <value>
                <![CDATA[macbook]]>
              </value>
            </param>
            <param index="1">
              <value>
                <![CDATA[MacBook Air]]>
              </value>
            </param>
            <param index="2">
              <value>
                <![CDATA[4]]>
              </value>
            </param>
          </params>
          <reporter-output>
          </reporter-output>
        </test-method> <!-- productImagesCountTest -->
        <test-method signature="productImagesCountTest(java.lang.String,java.lang.String,int)[pri:0, instance:com.qa.opencart.tests.ProductInfoTest@5824a83d]" started-at="2023-08-28T13:18:08 JST" name="productImagesCountTest" data-provider="productData" finished-at="2023-08-28T13:18:10 JST" duration-ms="2618" status="PASS">
          <params>
            <param index="0">
              <value>
                <![CDATA[iMac]]>
              </value>
            </param>
            <param index="1">
              <value>
                <![CDATA[iMac]]>
              </value>
            </param>
            <param index="2">
              <value>
                <![CDATA[3]]>
              </value>
            </param>
          </params>
          <reporter-output>
          </reporter-output>
        </test-method> <!-- productImagesCountTest -->
        <test-method signature="productImagesCountTest(java.lang.String,java.lang.String,int)[pri:0, instance:com.qa.opencart.tests.ProductInfoTest@5824a83d]" started-at="2023-08-28T13:18:10 JST" name="productImagesCountTest" data-provider="productData" finished-at="2023-08-28T13:18:13 JST" duration-ms="2279" status="PASS">
          <params>
            <param index="0">
              <value>
                <![CDATA[samsung]]>
              </value>
            </param>
            <param index="1">
              <value>
                <![CDATA[Samsung Galaxy Tab 10.1]]>
              </value>
            </param>
            <param index="2">
              <value>
                <![CDATA[7]]>
              </value>
            </param>
          </params>
          <reporter-output>
          </reporter-output>
        </test-method> <!-- productImagesCountTest -->
        <test-method signature="productImagesCountTest(java.lang.String,java.lang.String,int)[pri:0, instance:com.qa.opencart.tests.ProductInfoTest@5824a83d]" started-at="2023-08-28T13:18:13 JST" name="productImagesCountTest" data-provider="productData" finished-at="2023-08-28T13:18:15 JST" duration-ms="2099" status="PASS">
          <params>
            <param index="0">
              <value>
                <![CDATA[samsung]]>
              </value>
            </param>
            <param index="1">
              <value>
                <![CDATA[Samsung SyncMaster 941BW]]>
              </value>
            </param>
            <param index="2">
              <value>
                <![CDATA[1]]>
              </value>
            </param>
          </params>
          <reporter-output>
          </reporter-output>
        </test-method> <!-- productImagesCountTest -->
        <test-method signature="productImagesCountTest(java.lang.String,java.lang.String,int)[pri:0, instance:com.qa.opencart.tests.ProductInfoTest@5824a83d]" started-at="2023-08-28T13:18:15 JST" name="productImagesCountTest" data-provider="productData" finished-at="2023-08-28T13:18:17 JST" duration-ms="2162" status="PASS">
          <params>
            <param index="0">
              <value>
                <![CDATA[canon]]>
              </value>
            </param>
            <param index="1">
              <value>
                <![CDATA[Canon EOS 5D]]>
              </value>
            </param>
            <param index="2">
              <value>
                <![CDATA[3]]>
              </value>
            </param>
          </params>
          <reporter-output>
          </reporter-output>
        </test-method> <!-- productImagesCountTest -->
        <test-method signature="productInfoTest()[pri:0, instance:com.qa.opencart.tests.ProductInfoTest@5824a83d]" started-at="2023-08-28T13:18:17 JST" name="productInfoTest" finished-at="2023-08-28T13:18:20 JST" duration-ms="3207" status="PASS">
          <reporter-output>
          </reporter-output>
        </test-method> <!-- productInfoTest -->
        <test-method is-config="true" signature="tearDown()[pri:0, instance:com.qa.opencart.tests.ProductInfoTest@5824a83d]" started-at="2023-08-28T13:18:20 JST" name="tearDown" finished-at="2023-08-28T13:18:20 JST" duration-ms="129" status="PASS">
          <reporter-output>
          </reporter-output>
        </test-method> <!-- tearDown -->
      </class> <!-- com.qa.opencart.tests.ProductInfoTest -->
    </test> <!-- ProductInfo Page Test -->
  </suite> <!-- Opencart App Test Regression Suite -->
</testng-results>
