<?xml version="1.0" encoding="UTF-8"?>
<testng-results ignored="0" total="3" passed="3" failed="0" skipped="0">
  <reporter-output>
  </reporter-output>
  <suite started-at="2023-08-22T11:09:04 JST" name="Default suite" finished-at="2023-08-22T11:09:34 JST" duration-ms="29992">
    <groups>
    </groups>
    <test started-at="2023-08-22T11:09:04 JST" name="Default test" finished-at="2023-08-22T11:09:34 JST" duration-ms="29992">
      <class name="com.qa.opencart.tests.RegisterPageTest">
        <test-method is-config="true" signature="setUp()[pri:0, instance:com.qa.opencart.tests.RegisterPageTest@4ec4f3a0]" started-at="2023-08-22T11:09:04 JST" name="setUp" finished-at="2023-08-22T11:09:07 JST" duration-ms="3247" status="PASS">
          <reporter-output>
          </reporter-output>
        </test-method> <!-- setUp -->
        <test-method is-config="true" signature="registerPageSetUp()[pri:0, instance:com.qa.opencart.tests.RegisterPageTest@4ec4f3a0]" started-at="2023-08-22T11:09:07 JST" name="registerPageSetUp" finished-at="2023-08-22T11:09:07 JST" duration-ms="384" status="PASS">
          <reporter-output>
          </reporter-output>
        </test-method> <!-- registerPageSetUp -->
        <test-method signature="userRegisterTest(java.lang.String,java.lang.String,java.lang.String,java.lang.String,java.lang.String)[pri:0, instance:com.qa.opencart.tests.RegisterPageTest@4ec4f3a0]" started-at="2023-08-22T11:09:07 JST" name="userRegisterTest" data-provider="getUserRegData" finished-at="2023-08-22T11:09:16 JST" duration-ms="8488" status="PASS">
          <params>
            <param index="0">
              <value>
                <![CDATA[Swecha]]>
              </value>
            </param>
            <param index="1">
              <value>
                <![CDATA[Antara]]>
              </value>
            </param>
            <param index="2">
              <value>
                <![CDATA[9090909024]]>
              </value>
            </param>
            <param index="3">
              <value>
                <![CDATA[swecha@123]]>
              </value>
            </param>
            <param index="4">
              <value>
                <![CDATA[yes]]>
              </value>
            </param>
          </params>
          <reporter-output>
          </reporter-output>
        </test-method> <!-- userRegisterTest -->
        <test-method signature="userRegisterTest(java.lang.String,java.lang.String,java.lang.String,java.lang.String,java.lang.String)[pri:0, instance:com.qa.opencart.tests.RegisterPageTest@4ec4f3a0]" started-at="2023-08-22T11:09:16 JST" name="userRegisterTest" data-provider="getUserRegData" finished-at="2023-08-22T11:09:24 JST" duration-ms="8664" status="PASS">
          <params>
            <param index="0">
              <value>
                <![CDATA[Subbu]]>
              </value>
            </param>
            <param index="1">
              <value>
                <![CDATA[Venkata]]>
              </value>
            </param>
            <param index="2">
              <value>
                <![CDATA[9090909012]]>
              </value>
            </param>
            <param index="3">
              <value>
                <![CDATA[subbu@123]]>
              </value>
            </param>
            <param index="4">
              <value>
                <![CDATA[no]]>
              </value>
            </param>
          </params>
          <reporter-output>
          </reporter-output>
        </test-method> <!-- userRegisterTest -->
        <test-method signature="userRegisterTest(java.lang.String,java.lang.String,java.lang.String,java.lang.String,java.lang.String)[pri:0, instance:com.qa.opencart.tests.RegisterPageTest@4ec4f3a0]" started-at="2023-08-22T11:09:24 JST" name="userRegisterTest" data-provider="getUserRegData" finished-at="2023-08-22T11:09:33 JST" duration-ms="9055" status="PASS">
          <params>
            <param index="0">
              <value>
                <![CDATA[suneetha]]>
              </value>
            </param>
            <param index="1">
              <value>
                <![CDATA[Veeram]]>
              </value>
            </param>
            <param index="2">
              <value>
                <![CDATA[9090909023]]>
              </value>
            </param>
            <param index="3">
              <value>
                <![CDATA[sunee@123]]>
              </value>
            </param>
            <param index="4">
              <value>
                <![CDATA[yes]]>
              </value>
            </param>
          </params>
          <reporter-output>
          </reporter-output>
        </test-method> <!-- userRegisterTest -->
        <test-method is-config="true" signature="tearDown()[pri:0, instance:com.qa.opencart.tests.RegisterPageTest@4ec4f3a0]" started-at="2023-08-22T11:09:33 JST" name="tearDown" finished-at="2023-08-22T11:09:34 JST" duration-ms="122" status="PASS">
          <reporter-output>
          </reporter-output>
        </test-method> <!-- tearDown -->
      </class> <!-- com.qa.opencart.tests.RegisterPageTest -->
    </test> <!-- Default test -->
  </suite> <!-- Default suite -->
</testng-results>
